<?xml version="1.0" encoding="UTF-8"?>
<!-- Generated by org.testng.reporters.JUnitReportReporter -->
<testsuite hostname="LAPTOP-0ROCF77E" failures="0" tests="22" name="runners.TestRunner" time="193.857" errors="0" timestamp="2025-08-29T16:08:19 IST" skipped="0">
  <testcase classname="runners.TestRunner" name="runScenario" time="4.359"/>
  <testcase classname="runners.TestRunner" name="runScenario" time="22.142"/>
  <testcase classname="runners.TestRunner" name="runScenario" time="6.429"/>
  <testcase classname="runners.TestRunner" name="runScenario" time="5.857"/>
  <testcase classname="runners.TestRunner" name="runScenario" time="13.989"/>
  <testcase classname="runners.TestRunner" name="runScenario" time="4.408"/>
  <testcase classname="runners.TestRunner" name="runScenario" time="5.363"/>
  <testcase classname="runners.TestRunner" name="runScenario" time="12.326"/>
  <testcase classname="runners.TestRunner" name="runScenario" time="21.818"/>
  <testcase classname="runners.TestRunner" name="runScenario" time="8.585"/>
  <testcase classname="runners.TestRunner" name="runScenario" time="8.234"/>
  <testcase classname="runners.TestRunner" name="runScenario" time="6.287"/>
  <testcase classname="runners.TestRunner" name="runScenario" time="6.419"/>
  <testcase classname="runners.TestRunner" name="runScenario" time="9.217"/>
  <testcase classname="runners.TestRunner" name="runScenario" time="7.743"/>
  <testcase classname="runners.TestRunner" name="runScenario" time="8.284"/>
  <testcase classname="runners.TestRunner" name="runScenario" time="8.470"/>
  <testcase classname="runners.TestRunner" name="runScenario" time="6.308"/>
  <testcase classname="runners.TestRunner" name="runScenario" time="5.388"/>
  <testcase classname="runners.TestRunner" name="runScenario" time="5.821"/>
  <testcase classname="runners.TestRunner" name="runScenario" time="7.749"/>
  <testcase classname="runners.TestRunner" name="runScenario" time="8.661"/>
</testsuite> <!-- runners.TestRunner -->
