<?xml version="1.0" encoding="UTF-8"?>
<!-- Generated by org.testng.reporters.JUnitReportReporter -->
<testsuite hostname="LAPTOP-0ROCF77E" failures="0" tests="11" name="runners.TestRunner" time="97.544" errors="0" timestamp="2025-08-29T16:36:59 IST" skipped="0">
  <testcase classname="runners.TestRunner" name="runScenario" time="6.268"/>
  <testcase classname="runners.TestRunner" name="runScenario" time="5.672"/>
  <testcase classname="runners.TestRunner" name="runScenario" time="9.060"/>
  <testcase classname="runners.TestRunner" name="runScenario" time="6.499"/>
  <testcase classname="runners.TestRunner" name="runScenario" time="7.088"/>
  <testcase classname="runners.TestRunner" name="runScenario" time="6.512"/>
  <testcase classname="runners.TestRunner" name="runScenario" time="22.382"/>
  <testcase classname="runners.TestRunner" name="runScenario" time="8.078"/>
  <testcase classname="runners.TestRunner" name="runScenario" time="4.475"/>
  <testcase classname="runners.TestRunner" name="runScenario" time="12.882"/>
  <testcase classname="runners.TestRunner" name="runScenario" time="8.628"/>
</testsuite> <!-- runners.TestRunner -->
